<?xml version="1.0" encoding="UTF-8"?>
<!-- Generated by org.testng.reporters.JUnitReportReporter -->
<testsuite name="com.qmetry.qaf.automation.step.client.DataDrivenScenario" tests="2" time="42.130" ignored="1" failures="0" timestamp="02 Apr 2018 09:04:35 GMT" skipped="0" hostname="ICPL12776" errors="0">
  <testcase name="testOrbitz" time="15.529" classname="com.qmetry.qaf.automation.step.client.DataDrivenScenario"/>
  <testcase name="testOrbitz" time="26.601" classname="com.qmetry.qaf.automation.step.client.DataDrivenScenario"/>
  <testcase name="testOrbitz" classname="com.qmetry.qaf.automation.step.client.DataDrivenScenario">
    <skipped/>
  </testcase> <!-- testOrbitz -->
</testsuite> <!-- com.qmetry.qaf.automation.step.client.DataDrivenScenario -->
