<?xml version="1.0" encoding="UTF-8"?>
<!-- Generated by org.testng.reporters.JUnitReportReporter -->
<testsuite name="com.qmetry.qaf.automation.step.client.Scenario" tests="1" time="13.941" ignored="0" failures="0" timestamp="22 Feb 2018 13:04:09 GMT" skipped="0" hostname="ICPL11492" errors="1">
  <testcase name="testOrbitz" time="13.941" classname="com.qmetry.qaf.automation.step.client.Scenario">
    <error type="java.lang.RuntimeException" message="Wrong number of parameters, Expected 1 parameters but Actual is 0">
      <![CDATA[java.lang.RuntimeException: Wrong number of parameters, Expected 1 parameters but Actual is 0
	at .And And when the user is booking one way enter origin and destination(scenarios/test.bdd:10)
	at com.qmetry.qaf.automation.step.JavaStep.processArgs(JavaStep.java:223)
	at com.qmetry.qaf.automation.step.JavaStep.doExecute(JavaStep.java:160)
	at com.qmetry.qaf.automation.step.BaseTestStep.execute(BaseTestStep.java:149)
	at com.qmetry.qaf.automation.step.StringTestStep.execute(StringTestStep.java:134)
	at com.qmetry.qaf.automation.step.client.Scenario.execute(Scenario.java:167)
	at com.qmetry.qaf.automation.step.client.Scenario.scenario(Scenario.java:219)
]]>
    </error>
  </testcase> <!-- testOrbitz -->
</testsuite> <!-- com.qmetry.qaf.automation.step.client.Scenario -->
