<?xml version="1.0" encoding="UTF-8"?>
<!-- Generated by org.testng.reporters.JUnitReportReporter -->
<testsuite name="com.orbitz.utils.FlightsPageData" tests="1" time="0.004" ignored="0" failures="0" timestamp="13 Feb 2018 11:58:57 GMT" skipped="0" hostname="ICPL11492" errors="0">
  <testcase name="dataForFlightsOriginDestinationXML" time="0.004" classname="com.orbitz.utils.FlightsPageData"/>
</testsuite> <!-- com.orbitz.utils.FlightsPageData -->
