<?xml version="1.0" encoding="UTF-8"?>
<!-- Generated by org.testng.reporters.JUnitReportReporter -->
<testsuite name="com.orbitz.tests.FlightsPageTestCase_101" tests="1" time="38.103" ignored="0" failures="0" timestamp="22 Feb 2018 12:58:39 GMT" skipped="0" hostname="ICPL11492" errors="0">
  <testcase name="executionFlightsPage" time="38.103" classname="com.orbitz.tests.FlightsPageTestCase_101"/>
</testsuite> <!-- com.orbitz.tests.FlightsPageTestCase_101 -->
