<?xml version="1.0" encoding="UTF-8"?>
<!-- Generated by org.testng.reporters.JUnitReportReporter -->
<testsuite name="com.orbitz.tests.FlightsPageTestCase_101" tests="1" time="57.235" ignored="0" failures="0" timestamp="05 Apr 2018 08:52:54 GMT" skipped="0" hostname="ICPL12776" errors="0">
  <testcase name="executionFlightsPage" time="57.235" classname="com.orbitz.tests.FlightsPageTestCase_101"/>
</testsuite> <!-- com.orbitz.tests.FlightsPageTestCase_101 -->
