<?xml version="1.0" encoding="UTF-8"?>
<!-- Generated by org.testng.reporters.JUnitReportReporter -->
<testsuite name="com.orbitz.tests.FlightsPageTestCase_101" tests="1" time="60.241" ignored="0" failures="0" timestamp="02 Apr 2018 08:51:06 GMT" skipped="0" hostname="ICPL12776" errors="0">
  <testcase name="executionFlightsPage" time="60.241" classname="com.orbitz.tests.FlightsPageTestCase_101"/>
</testsuite> <!-- com.orbitz.tests.FlightsPageTestCase_101 -->
