<?xml version="1.0" encoding="UTF-8"?>
<!-- Generated by org.testng.reporters.JUnitReportReporter -->
<testsuite name="com.orbitz.tests.FlightsPageTestCase_101" tests="1" time="57.254" ignored="1" failures="0" timestamp="05 Apr 2018 07:40:52 GMT" skipped="0" hostname="ICPL12776" errors="0">
  <testcase name="executionFlightsPage" time="57.254" classname="com.orbitz.tests.FlightsPageTestCase_101"/>
  <testcase name="testOrbitz" classname="com.qmetry.qaf.automation.step.client.DataDrivenScenario">
    <skipped/>
  </testcase> <!-- testOrbitz -->
</testsuite> <!-- com.orbitz.tests.FlightsPageTestCase_101 -->
